{
  "RSpec": {
    "coverage": {
      "/Users/vitaliyshevtsov/dev/budget/config/environment.rb": [
        null,
        1,
        null,
        null,
        1
      ],
      "/Users/vitaliyshevtsov/dev/budget/config/application.rb": [
        1,
        null,
        1,
        null,
        null,
        null,
        1,
        null,
        1,
        1,
        null,
        null,
        null,
        1,
        null,
        null,
        null,
        null,
        null,
        null,
        null,
        null,
        null,
        null,
        1,
        null,
        1,
        1,
        1,
        null,
        null,
        null
      ],
      "/Users/vitaliyshevtsov/dev/budget/config/boot.rb": [
        1,
        null,
        1
      ],
      "/Users/vitaliyshevtsov/dev/budget/config/environments/test.rb": [
        1,
        null,
        null,
        null,
        null,
        null,
        null,
        1,
        null,
        null,
        null,
        null,
        1,
        null,
        null,
        1,
        1,
        null,
        null,
        1,
        1,
        null,
        null,
        1,
        null,
        null,
        1,
        null,
        null,
        null,
        null,
        1,
        null,
        null,
        1,
        null,
        null,
        1,
        null,
        null,
        null,
        null,
        1,
        1,
        1,
        null,
        null
      ],
      "/Users/vitaliyshevtsov/dev/budget/config/initializers/airbrake.rb": [
        null,
        null,
        null,
        null,
        null,
        null,
        null,
        null,
        null,
        1,
        null,
        null,
        null,
        null,
        1,
        1,
        null,
        null,
        null,
        null,
        null,
        null,
        1,
        null,
        null,
        null,
        null,
        1,
        null,
        null,
        null,
        null,
        null,
        null,
        null,
        1,
        null,
        null,
        null,
        null,
        null,
        null,
        null,
        1,
        null,
        null,
        null,
        null,
        null,
        null
      ],
      "/Users/vitaliyshevtsov/dev/budget/config/initializers/assets.rb": [
        null,
        null,
        null,
        1,
        null,
        null,
        null,
        null,
        null,
        null,
        null
      ],
      "/Users/vitaliyshevtsov/dev/budget/config/initializers/backtrace_silencers.rb": [
        null,
        null,
        null,
        null,
        null,
        null,
        null
      ],
      "/Users/vitaliyshevtsov/dev/budget/config/initializers/cookies_serializer.rb": [
        null,
        null,
        1
      ],
      "/Users/vitaliyshevtsov/dev/budget/config/initializers/devise.rb": [
        null,
        null,
        1,
        null,
        null,
        null,
        null,
        null,
        null,
        null,
        null,
        null,
        null,
        null,
        1,
        null,
        null,
        1,
        null,
        null,
        null,
        null,
        null,
        1,
        null,
        null,
        null,
        null,
        null,
        null,
        null,
        null,
        null,
        null,
        null,
        null,
        null,
        null,
        null,
        null,
        null,
        null,
        null,
        null,
        null,
        1,
        null,
        null,
        null,
        null,
        1,
        null,
        null,
        null,
        null,
        null,
        null,
        null,
        null,
        null,
        null,
        null,
        null,
        null,
        null,
        null,
        null,
        null,
        null,
        null,
        null,
        null,
        null,
        null,
        null,
        null,
        null,
        null,
        null,
        null,
        null,
        1,
        null,
        null,
        null,
        null,
        null,
        null,
        null,
        null,
        null,
        null,
        null,
        null,
        null,
        null,
        null,
        null,
        1,
        null,
        null,
        null,
        null,
        null,
        null,
        null,
        null,
        null,
        null,
        null,
        null,
        null,
        null,
        null,
        null,
        null,
        null,
        null,
        null,
        null,
        null,
        null,
        null,
        null,
        null,
        null,
        1,
        null,
        null,
        null,
        null,
        null,
        null,
        null,
        null,
        null,
        1,
        null,
        null,
        null,
        null,
        null,
        null,
        null,
        null,
        null,
        null,
        1,
        null,
        null,
        null,
        null,
        null,
        null,
        null,
        null,
        null,
        null,
        null,
        null,
        null,
        null,
        null,
        null,
        null,
        null,
        null,
        null,
        null,
        null,
        null,
        null,
        null,
        null,
        null,
        null,
        null,
        null,
        null,
        null,
        null,
        null,
        null,
        null,
        null,
        null,
        null,
        null,
        null,
        null,
        null,
        null,
        null,
        1,
        null,
        null,
        null,
        null,
        null,
        null,
        null,
        null,
        null,
        null,
        null,
        null,
        null,
        null,
        null,
        null,
        null,
        null,
        null,
        null,
        null,
        null,
        null,
        null,
        null,
        null,
        null,
        null,
        null,
        null,
        null,
        null,
        null,
        null,
        null,
        null,
        null,
        null,
        null,
        null,
        null,
        1,
        null,
        null,
        null,
        null,
        null,
        1,
        1,
        null,
        null,
        null,
        null,
        null,
        null,
        null,
        null,
        null,
        null,
        null,
        null,
        null,
        null,
        null,
        null,
        null,
        null,
        null,
        null,
        null,
        null,
        null,
        null
      ],
      "/Users/vitaliyshevtsov/dev/budget/config/initializers/filter_parameter_logging.rb": [
        null,
        null,
        null,
        1
      ],
      "/Users/vitaliyshevtsov/dev/budget/config/initializers/inflections.rb": [
        null,
        null,
        null,
        null,
        null,
        null,
        null,
        null,
        null,
        null,
        null,
        null,
        null,
        null,
        null,
        null
      ],
      "/Users/vitaliyshevtsov/dev/budget/config/initializers/kaminari_config.rb": [
        1,
        1,
        null,
        null,
        null,
        null,
        null,
        null,
        null,
        null
      ],
      "/Users/vitaliyshevtsov/dev/budget/config/initializers/mime_types.rb": [
        null,
        null,
        null,
        null
      ],
      "/Users/vitaliyshevtsov/dev/budget/config/initializers/session_store.rb": [
        null,
        null,
        1
      ],
      "/Users/vitaliyshevtsov/dev/budget/config/initializers/validates_timeliness.rb": [
        1,
        null,
        1,
        null,
        null,
        null,
        null,
        null,
        null,
        null,
        null,
        null,
        null,
        null,
        null,
        null,
        null,
        null,
        null,
        null,
        null,
        null,
        null,
        null,
        null,
        null,
        null,
        null,
        null,
        null,
        null,
        null,
        null,
        null,
        null,
        null,
        null,
        null,
        null,
        null
      ],
      "/Users/vitaliyshevtsov/dev/budget/config/initializers/wrap_parameters.rb": [
        null,
        null,
        null,
        null,
        null,
        null,
        1,
        1,
        null,
        null,
        null,
        null,
        null,
        null
      ],
      "/Users/vitaliyshevtsov/dev/budget/spec/factories/authorizations.rb": [
        1,
        1,
        1,
        1,
        1,
        null,
        null,
        1,
        1,
        1,
        1,
        null,
        null
      ],
      "/Users/vitaliyshevtsov/dev/budget/spec/factories/categories.rb": [
        1,
        1,
        6,
        1,
        null,
        null,
        1,
        1,
        null,
        null
      ],
      "/Users/vitaliyshevtsov/dev/budget/spec/factories/photos.rb": [
        1,
        1,
        1,
        null,
        null
      ],
      "/Users/vitaliyshevtsov/dev/budget/spec/factories/transactions.rb": [
        1,
        1,
        2,
        2,
        2,
        2,
        1,
        null,
        null,
        null
      ],
      "/Users/vitaliyshevtsov/dev/budget/spec/factories/users.rb": [
        1,
        1,
        34,
        34,
        32,
        32,
        34,
        null,
        null,
        null
      ],
      "/Users/vitaliyshevtsov/dev/budget/config/routes.rb": [
        1,
        1,
        1,
        2,
        null,
        null,
        1,
        1,
        null,
        null,
        null,
        null,
        null,
        null,
        null,
        null,
        null,
        null,
        null,
        null,
        null,
        null,
        null,
        null,
        null,
        null,
        null,
        null,
        null,
        null,
        null,
        null,
        null,
        null,
        null,
        null,
        null,
        null,
        null,
        null,
        null,
        null,
        null,
        null,
        null,
        null,
        null,
        null,
        null,
        null,
        null,
        null,
        null,
        null,
        null,
        null,
        null,
        null
      ],
      "/Users/vitaliyshevtsov/dev/budget/app/models/user.rb": [
        1,
        1,
        null,
        1,
        1,
        1,
        1,
        1,
        1,
        null,
        1,
        null,
        null,
        4,
        null,
        1,
        12,
        12,
        null,
        12,
        null,
        8,
        6,
        null,
        null,
        null,
        null,
        null,
        6,
        6,
        null,
        null,
        null,
        12,
        8,
        8,
        null,
        12,
        null,
        null,
        1,
        15,
        null,
        null,
        1,
        16,
        null,
        null
      ],
      "/Users/vitaliyshevtsov/dev/budget/app/helpers/application_helper.rb": [
        1,
        1,
        2,
        32,
        null,
        null,
        null,
        1,
        3,
        null,
        3,
        0,
        null,
        3,
        3,
        null,
        3,
        3,
        null,
        3,
        3,
        null,
        null,
        12,
        null,
        null,
        1,
        22,
        null,
        null,
        1,
        22,
        null,
        null,
        1,
        22,
        null,
        null
      ],
      "/Users/vitaliyshevtsov/dev/budget/app/helpers/devise_helper.rb": [
        1,
        null,
        1,
        7,
        4,
        null,
        1,
        null,
        null,
        null,
        null,
        null,
        null,
        null,
        1,
        null,
        null
      ],
      "/Users/vitaliyshevtsov/dev/budget/app/helpers/transactions_helper.rb": [
        1,
        1,
        3,
        null,
        null
      ],
      "/Users/vitaliyshevtsov/dev/budget/spec/support/capybara.rb": [
        1,
        1,
        1,
        1,
        null,
        1,
        60,
        null,
        null
      ],
      "/Users/vitaliyshevtsov/dev/budget/spec/support/carrierwave.rb": [
        1,
        1,
        12,
        12,
        null,
        null,
        null
      ],
      "/Users/vitaliyshevtsov/dev/budget/spec/support/database_cleaner.rb": [
        1,
        null,
        1,
        1,
        60,
        null,
        null,
        1,
        60,
        null,
        null
      ],
      "/Users/vitaliyshevtsov/dev/budget/spec/support/factory_girl.rb": [
        1,
        1,
        null,
        1,
        1,
        1,
        null,
        1,
        null,
        null,
        null
      ],
      "/Users/vitaliyshevtsov/dev/budget/spec/support/omniauth.rb": [
        1,
        12,
        12,
        12,
        null,
        null,
        null,
        1,
        0,
        null,
        null,
        null,
        0,
        0,
        null
      ],
      "/Users/vitaliyshevtsov/dev/budget/spec/support/shoulda_matchers.rb": [
        1,
        1,
        1,
        1,
        null,
        null
      ],
      "/Users/vitaliyshevtsov/dev/budget/spec/support/validate_timelines.rb": [
        1,
        1,
        1,
        null,
        2,
        null,
        null,
        null,
        1,
        0,
        null,
        null,
        1,
        0,
        null,
        null
      ],
      "/Users/vitaliyshevtsov/dev/budget/spec/support/vcr.rb": [
        1,
        1,
        1,
        1,
        1,
        1,
        null,
        null,
        1,
        1,
        0,
        0,
        0,
        null,
        null
      ],
      "/Users/vitaliyshevtsov/dev/budget/app/controllers/categories_controller.rb": [
        1,
        1,
        1,
        null,
        1,
        7,
        null,
        null,
        1,
        null,
        null,
        1,
        0,
        null,
        null,
        1,
        4,
        4,
        2,
        null,
        2,
        null,
        null,
        null,
        1,
        2,
        1,
        null,
        1,
        null,
        null,
        null,
        1,
        1,
        1,
        null,
        0,
        null,
        null,
        null,
        1,
        1,
        2,
        null,
        1,
        null,
        null,
        1,
        1,
        3,
        null,
        null,
        1,
        6,
        null,
        null
      ],
      "/Users/vitaliyshevtsov/dev/budget/app/controllers/application_controller.rb": [
        1,
        null,
        null,
        1,
        1,
        1,
        1,
        null,
        1,
        null,
        1,
        6,
        3,
        null,
        3,
        null,
        null,
        null,
        null,
        1,
        46,
        46,
        null,
        null
      ],
      "/Users/vitaliyshevtsov/dev/budget/spec/features/categories/index_spec.rb": [
        1,
        null,
        1,
        4,
        4,
        null,
        1,
        3,
        3,
        3,
        null,
        null,
        1,
        1,
        1,
        1,
        1,
        null,
        null,
        1,
        1,
        1,
        1,
        1,
        1,
        null,
        null,
        1,
        1,
        1,
        1,
        null,
        1,
        1,
        1,
        1,
        null,
        null
      ],
      "/Users/vitaliyshevtsov/dev/budget/spec/features/acceptance_helper.rb": [
        1,
        null,
        1,
        3,
        3,
        3,
        null,
        null,
        1,
        9,
        null,
        null,
        1,
        2,
        2,
        null,
        null,
        1,
        1,
        null,
        null,
        null,
        null
      ],
      "/Users/vitaliyshevtsov/dev/budget/spec/features/transactions/create_spec.rb": [
        1,
        null,
        1,
        1,
        2,
        2,
        2,
        2,
        2,
        2,
        null,
        null,
        1,
        1,
        1,
        1,
        1,
        null,
        1,
        1,
        1,
        1,
        null,
        1,
        1,
        1,
        null,
        null,
        1,
        1,
        1,
        1,
        1,
        1,
        1,
        1,
        1,
        null,
        null
      ],
      "/Users/vitaliyshevtsov/dev/budget/spec/features/transactions/index_spec.rb": [

      ],
      "/Users/vitaliyshevtsov/dev/budget/spec/features/transactions/update_spec.rb": [
        1,
        null,
        1,
        1,
        1,
        1,
        1,
        1,
        1,
        null,
        null,
        1,
        1,
        1,
        1,
        1,
        null,
        1,
        1,
        null,
        null
      ],
      "/Users/vitaliyshevtsov/dev/budget/spec/features/users/sign_in_spec.rb": [
        1,
        null,
        1,
        3,
        null,
        1,
        1,
        1,
        1,
        1,
        null,
        1,
        1,
        null,
        null,
        1,
        1,
        1,
        1,
        1,
        null,
        1,
        1,
        null,
        null
      ],
      "/Users/vitaliyshevtsov/dev/budget/spec/features/users/sign_up_spec.rb": [
        1,
        null,
        1,
        1,
        0,
        0,
        0,
        0,
        0,
        0,
        0,
        null,
        0,
        null,
        null,
        1,
        0,
        0,
        0,
        0,
        0,
        0,
        null,
        0,
        0,
        null,
        null,
        null
      ],
      "/Users/vitaliyshevtsov/dev/budget/spec/features/users/update_spec.rb": [
        1,
        null,
        1,
        1,
        3,
        3,
        null,
        null,
        1,
        1,
        1,
        1,
        1,
        1,
        1,
        null,
        null,
        1,
        1,
        1,
        null,
        1,
        1,
        null,
        null,
        null,
        null,
        null,
        1,
        1,
        1,
        1,
        1,
        1,
        null,
        null,
        1,
        1,
        1,
        1,
        1,
        1,
        1,
        1,
        null,
        null
      ],
      "/Users/vitaliyshevtsov/dev/budget/spec/models/authorization_spec.rb": [
        1,
        null,
        1,
        2,
        null,
        1,
        2,
        2,
        2,
        null,
        null
      ],
      "/Users/vitaliyshevtsov/dev/budget/app/models/authorization.rb": [
        1,
        1,
        1,
        1,
        null,
        1,
        12,
        null,
        null
      ],
      "/Users/vitaliyshevtsov/dev/budget/spec/models/category_spec.rb": [
        1,
        null,
        1,
        2,
        null,
        1,
        2,
        2,
        2,
        2,
        null,
        null
      ],
      "/Users/vitaliyshevtsov/dev/budget/app/models/category.rb": [
        1,
        1,
        1,
        null,
        1,
        1,
        null,
        299,
        null
      ],
      "/Users/vitaliyshevtsov/dev/budget/spec/models/photo_spec.rb": [
        1,
        null,
        1,
        2,
        null
      ],
      "/Users/vitaliyshevtsov/dev/budget/app/models/photo.rb": [
        1,
        1,
        1,
        1,
        null
      ],
      "/Users/vitaliyshevtsov/dev/budget/app/uploaders/file_uploader.rb": [
        null,
        null,
        1,
        null,
        null,
        null,
        1,
        null,
        null,
        1,
        null,
        null,
        null,
        null,
        1,
        18,
        null,
        null,
        null,
        null,
        null,
        null,
        null,
        null,
        null,
        null,
        null,
        null,
        null,
        null,
        null,
        null,
        null,
        null,
        1,
        1,
        null,
        null,
        1,
        1,
        null,
        null,
        null,
        null,
        null,
        null,
        null,
        null,
        null,
        null,
        null,
        null,
        null,
        null
      ],
      "/Users/vitaliyshevtsov/dev/budget/spec/models/transaction_spec.rb": [
        1,
        null,
        1,
        2,
        null,
        1,
        2,
        2,
        2,
        2,
        2,
        2,
        2,
        null,
        null,
        null
      ],
      "/Users/vitaliyshevtsov/dev/budget/app/models/transaction.rb": [
        1,
        1,
        1,
        1,
        null,
        1,
        1,
        1,
        1,
        null,
        1,
        1,
        null,
        97,
        97,
        null,
        1,
        null,
        1,
        null,
        null,
        null,
        4,
        null,
        null,
        1,
        96,
        null,
        null,
        1,
        3,
        3,
        3,
        3,
        93,
        93,
        93,
        93,
        93,
        null,
        3,
        null,
        null,
        1,
        1,
        3,
        null,
        null
      ],
      "/Users/vitaliyshevtsov/dev/budget/spec/models/user_spec.rb": [
        1,
        null,
        1,
        6,
        4,
        null,
        null,
        1,
        6,
        4,
        null,
        null,
        1,
        2,
        2,
        2,
        2,
        2,
        null,
        1,
        2,
        2,
        2,
        2,
        2,
        null,
        null,
        1,
        1,
        1,
        3,
        null,
        1,
        1,
        1,
        1,
        1,
        null,
        null,
        1,
        2,
        2,
        null,
        null,
        null,
        1,
        3,
        null,
        1,
        1,
        1,
        1,
        1,
        null,
        null,
        1,
        2,
        2,
        1,
        null,
        null,
        null,
        1,
        1,
        1,
        1,
        1,
        null,
        null,
        null,
        1,
        3,
        null,
        1,
        2,
        null,
        null,
        1,
        2,
        1,
        null,
        null,
        null,
        1,
        3,
        null,
        1,
        2,
        null,
        null,
        1,
        2,
        1,
        null,
        null,
        null,
        null,
        null
      ],
      "/Users/vitaliyshevtsov/dev/budget/app/controllers/transactions_controller.rb": [
        1,
        1,
        1,
        1,
        1,
        null,
        null,
        1,
        null,
        8,
        8,
        3,
        3,
        null,
        3,
        3,
        null,
        13,
        null,
        null,
        null,
        null,
        1,
        2,
        null,
        null,
        1,
        null,
        null,
        1,
        2,
        2,
        null,
        2,
        1,
        null,
        1,
        null,
        null,
        null,
        1,
        1,
        1,
        1,
        null,
        0,
        null,
        null,
        null,
        1,
        0,
        0,
        null,
        0,
        null,
        null,
        null,
        1,
        1,
        2,
        null,
        null,
        1,
        3,
        null,
        null,
        1,
        3,
        null,
        null
      ],
      "/Users/vitaliyshevtsov/dev/budget/app/datatables/transactions_datatable.rb": [
        1,
        1,
        1,
        1,
        null,
        1,
        null,
        1,
        5,
        5,
        5,
        null,
        null,
        1,
        null,
        null,
        null,
        null,
        null,
        5,
        null,
        null,
        1,
        1,
        5,
        null,
        3,
        null,
        null,
        null,
        null,
        null,
        null,
        null,
        null,
        null,
        1,
        15,
        null,
        null,
        1,
        5,
        5,
        0,
        null,
        5,
        null,
        null,
        1,
        5,
        null,
        null,
        1,
        10,
        0,
        null,
        10,
        null,
        null,
        null,
        1,
        5,
        5,
        null,
        null,
        1,
        5,
        null,
        null,
        1,
        5,
        null,
        null
      ],
      "/Users/vitaliyshevtsov/dev/budget/app/controllers/home_controller.rb": [
        1,
        1,
        null,
        null
      ],
      "/Users/vitaliyshevtsov/dev/budget/app/controllers/users/registrations_controller.rb": [
        1,
        1,
        1,
        1,
        1,
        1,
        null,
        1,
        6,
        null,
        null,
        1,
        1,
        6,
        null,
        null,
        null,
        1,
        0,
        null,
        null,
        null,
        1,
        3,
        null,
        null,
        1,
        3,
        null,
        null
      ]
    },
    "timestamp": 1459303958
  }
}
